>>> Warning 203 "C:\Users\keena\Dropbox\BIRDS5_Project\mainpic_function.c" Line 199(1,1): Condition always TRUE
>>> Warning 202 "C:\Users\keena\Dropbox\BIRDS5_Project\MEMORY_OPERATION.c" Line 48(6,23): Variable never used:   RESERVE_ADDRESS_1
>>> Warning 202 "C:\Users\keena\Dropbox\BIRDS5_Project\MEMORY_OPERATION.c" Line 49(6,23): Variable never used:   RESERVE_ADDRESS_2
>>> Warning 202 "C:\Users\keena\Dropbox\BIRDS5_Project\MEMORY_OPERATION.c" Line 50(6,23): Variable never used:   RESERVE_ADDRESS_3
>>> Warning 202 "C:\Users\keena\Dropbox\BIRDS5_Project\MEMORY_OPERATION.c" Line 51(6,23): Variable never used:   RESERVE_ADDRESS_4
>>> Warning 202 "C:\Users\keena\Dropbox\BIRDS5_Project\MEMORY_OPERATION.c" Line 52(6,24): Variable never used:   RESERVE_PACKET_NUM
>>> Warning 202 "C:\Users\keena\Dropbox\BIRDS5_Project\MEMORY_OPERATION.c" Line 62(6,22): Variable never used:   RESERVE_SEC_FLAG
>>> Warning 202 "C:\Users\keena\Dropbox\BIRDS5_Project\MEMORY_OPERATION.c" Line 65(6,17): Variable never used:   CMD_FROM_PC
>>> Warning 202 "C:\Users\keena\Dropbox\BIRDS5_Project\MEMORY_OPERATION.c" Line 66(15,27): Variable never used:   in_bffr_main
>>> Warning 202 "C:\Users\keena\Dropbox\BIRDS5_Project\MEMORY_OPERATION.c" Line 67(6,14): Variable never used:   COM_DATA
>>> Warning 202 "C:\Users\keena\Dropbox\BIRDS5_Project\MEMORY_OPERATION.c" Line 68(13,26): Variable never used:   CW_IDENTIFIER
>>> Warning 202 "C:\Users\keena\Dropbox\BIRDS5_Project\MEMORY_OPERATION.c" Line 69(6,20): Variable never used:   OPERATION_MODE
>>> Warning 202 "C:\Users\keena\Dropbox\BIRDS5_Project\MEMORY_OPERATION.c" Line 70(6,13): Variable never used:   PC_DATA
>>> Warning 202 "C:\Users\keena\Dropbox\BIRDS5_Project\MEMORY_OPERATION.c" Line 71(6,25): Variable never used:   COM_ONEBYTE_COMMAND
>>> Warning 202 "C:\Users\keena\Dropbox\BIRDS5_Project\MEMORY_OPERATION.c" Line 79(6,22): Variable never used:   ADCS_SENSOR_DATA
>>> Warning 202 "C:\Users\keena\Dropbox\BIRDS5_Project\MEMORY_OPERATION.c" Line 80(6,14): Variable never used:   ADCS_ACK
>>> Warning 202 "C:\Users\keena\Dropbox\BIRDS5_Project\MEMORY_OPERATION.c" Line 81(6,22): Variable never used:   ADCS_ACK_COMMING
>>> Warning 202 "C:\Users\keena\Dropbox\BIRDS5_Project\mainpic_function.c" Line 2(6,20): Variable never used:   MISSION_STATUS
>>> Warning 202 "C:\Users\keena\Dropbox\BIRDS5_Project\mainpic_function.c" Line 3(14,25): Variable never used:   currenttime
>>> Warning 202 "C:\Users\keena\Dropbox\BIRDS5_Project\mainpic_function.c" Line 7(6,15): Variable never used:   test_data
>>> Warning 202 "C:\Users\keena\Dropbox\BIRDS5_Project\mainpic_function.c" Line 12(6,10): Variable never used:   RTUC
>>> Warning 202 "C:\Users\keena\Dropbox\BIRDS5_Project\mainpic_function.c" Line 14(6,10): Variable never used:   RTDC
      Memory usage:   ROM=5%      RAM=15% - 16%
      0 Errors,  22 Warnings.
Build Successful.
